<?xml version="1.0" encoding="UTF-8"?>
<testng-results ignored="0" total="1" passed="1" failed="0" skipped="0">
  <reporter-output>
  </reporter-output>
  <suite started-at="2024-07-18T14:45:03 IST" name="Suite" finished-at="2024-07-18T14:45:13 IST" duration-ms="10622">
    <groups>
    </groups>
    <test started-at="2024-07-18T14:45:03 IST" name="Test" finished-at="2024-07-18T14:45:13 IST" duration-ms="10622">
      <class name="com.qa.testlayer.Testcase_001">
        <test-method is-config="true" signature="setUP(java.lang.String)[pri:0, instance:com.qa.testlayer.Testcase_001@1ea9f6af]" started-at="2024-07-18T14:45:03 IST" name="setUP" finished-at="2024-07-18T14:45:06 IST" duration-ms="2940" status="PASS">
          <params>
            <param index="0">
              <value>
                <![CDATA[chrome]]>
              </value>
            </param>
          </params>
          <reporter-output>
          </reporter-output>
        </test-method> <!-- setUP -->
        <test-method signature="testCase_001()[pri:0, instance:com.qa.testlayer.Testcase_001@1ea9f6af]" started-at="2024-07-18T14:45:06 IST" name="testCase_001" finished-at="2024-07-18T14:45:13 IST" duration-ms="7452" status="PASS">
          <reporter-output>
          </reporter-output>
        </test-method> <!-- testCase_001 -->
        <test-method is-config="true" signature="tearDown()[pri:0, instance:com.qa.testlayer.Testcase_001@1ea9f6af]" started-at="2024-07-18T14:45:13 IST" name="tearDown" finished-at="2024-07-18T14:45:13 IST" duration-ms="194" status="PASS">
          <reporter-output>
          </reporter-output>
        </test-method> <!-- tearDown -->
      </class> <!-- com.qa.testlayer.Testcase_001 -->
    </test> <!-- Test -->
  </suite> <!-- Suite -->
</testng-results>
